Determining if the pthread_create exist failed with the following output:
Change Dir: /home/andre/Documents/feup/CAL/CAL-proj/build/CMakeFiles/CMakeTmp

Run Build Command:"/usr/bin/make" "cmTC_8233b/fast"
/usr/bin/make -f CMakeFiles/cmTC_8233b.dir/build.make CMakeFiles/cmTC_8233b.dir/build
make[1]: Entering directory '/home/andre/Documents/feup/CAL/CAL-proj/build/CMakeFiles/CMakeTmp'
Building C object CMakeFiles/cmTC_8233b.dir/CheckSymbolExists.c.o
/usr/bin/clang-6.0    -o CMakeFiles/cmTC_8233b.dir/CheckSymbolExists.c.o   -c /home/andre/Documents/feup/CAL/CAL-proj/build/CMakeFiles/CMakeTmp/CheckSymbolExists.c
Linking C executable cmTC_8233b
/usr/bin/cmake -E cmake_link_script CMakeFiles/cmTC_8233b.dir/link.txt --verbose=1
/usr/bin/clang-6.0      -rdynamic CMakeFiles/cmTC_8233b.dir/CheckSymbolExists.c.o  -o cmTC_8233b 
CMakeFiles/cmTC_8233b.dir/CheckSymbolExists.c.o: In function `main':
CheckSymbolExists.c:(.text+0x19): undefined reference to `pthread_create'
clang: error: linker command failed with exit code 1 (use -v to see invocation)
CMakeFiles/cmTC_8233b.dir/build.make:97: recipe for target 'cmTC_8233b' failed
make[1]: *** [cmTC_8233b] Error 1
make[1]: Leaving directory '/home/andre/Documents/feup/CAL/CAL-proj/build/CMakeFiles/CMakeTmp'
Makefile:126: recipe for target 'cmTC_8233b/fast' failed
make: *** [cmTC_8233b/fast] Error 2

File /home/andre/Documents/feup/CAL/CAL-proj/build/CMakeFiles/CMakeTmp/CheckSymbolExists.c:
/* */
#include <pthread.h>

int main(int argc, char** argv)
{
  (void)argv;
#ifndef pthread_create
  return ((int*)(&pthread_create))[argc];
#else
  (void)argc;
  return 0;
#endif
}

Determining if the function pthread_create exists in the pthreads failed with the following output:
Change Dir: /home/andre/Documents/feup/CAL/CAL-proj/build/CMakeFiles/CMakeTmp

Run Build Command:"/usr/bin/make" "cmTC_4e742/fast"
/usr/bin/make -f CMakeFiles/cmTC_4e742.dir/build.make CMakeFiles/cmTC_4e742.dir/build
make[1]: Entering directory '/home/andre/Documents/feup/CAL/CAL-proj/build/CMakeFiles/CMakeTmp'
Building C object CMakeFiles/cmTC_4e742.dir/CheckFunctionExists.c.o
/usr/bin/clang-6.0   -DCHECK_FUNCTION_EXISTS=pthread_create   -o CMakeFiles/cmTC_4e742.dir/CheckFunctionExists.c.o   -c /usr/share/cmake-3.10/Modules/CheckFunctionExists.c
Linking C executable cmTC_4e742
/usr/bin/cmake -E cmake_link_script CMakeFiles/cmTC_4e742.dir/link.txt --verbose=1
/usr/bin/clang-6.0  -DCHECK_FUNCTION_EXISTS=pthread_create    -rdynamic CMakeFiles/cmTC_4e742.dir/CheckFunctionExists.c.o  -o cmTC_4e742 -lpthreads 
/usr/bin/ld: cannot find -lpthreads
clang: error: linker command failed with exit code 1 (use -v to see invocation)
CMakeFiles/cmTC_4e742.dir/build.make:97: recipe for target 'cmTC_4e742' failed
make[1]: *** [cmTC_4e742] Error 1
make[1]: Leaving directory '/home/andre/Documents/feup/CAL/CAL-proj/build/CMakeFiles/CMakeTmp'
Makefile:126: recipe for target 'cmTC_4e742/fast' failed
make: *** [cmTC_4e742/fast] Error 2


